-------------------------------------------------------------------------------
Test set: com.testrunners.TestRunner
-------------------------------------------------------------------------------
Tests run: 1, Failures: 1, Errors: 0, Skipped: 0, Time elapsed: 11.644 s <<< FAILURE! - in com.testrunners.TestRunner
null on com.testrunners.TestRunner(com.testrunners.TestRunner)  Time elapsed: 11.285 s  <<< FAILURE!
java.lang.RuntimeException: java.net.UnknownHostException: messages.cucumber.io
Caused by: java.net.UnknownHostException: messages.cucumber.io
Caused by: java.net.UnknownHostException: messages.cucumber.io

